#! /c/Source/iverilog-install/bin/vvp
:ivl_version "12.0 (devel)" "(s20150603-1539-g2693dd32b)";
:ivl_delay_selection "TYPICAL";
:vpi_time_precision - 11;
:vpi_module "C:\iverilog\lib\ivl\system.vpi";
:vpi_module "C:\iverilog\lib\ivl\vhdl_sys.vpi";
:vpi_module "C:\iverilog\lib\ivl\vhdl_textio.vpi";
:vpi_module "C:\iverilog\lib\ivl\v2005_math.vpi";
:vpi_module "C:\iverilog\lib\ivl\va_math.vpi";
S_0000022699cdb1e0 .scope module, "tb" "tb" 2 7;
 .timescale -9 -11;
v0000022699d72f80_0 .var "clock", 0 0;
v0000022699d73de0_0 .var "reset", 0 0;
E_0000022699d01760 .event negedge, v0000022699d08090_0;
S_0000022699cdb370 .scope module, "uut" "top" 2 14, 3 1 0, S_0000022699cdb1e0;
 .timescale -9 -11;
    .port_info 0 /INPUT 1 "clk";
    .port_info 1 /INPUT 1 "reset";
v0000022699d72b20_0 .net "clk", 0 0, v0000022699d72f80_0;  1 drivers
v0000022699d72080_0 .net "dmem_addr", 31 0, L_0000022699dd0bc0;  1 drivers
v0000022699d721c0_0 .net "dmem_rdata", 31 0, L_0000022699dd01b0;  1 drivers
v0000022699d72120_0 .net "dmem_wdata", 31 0, L_0000022699dd0c30;  1 drivers
v0000022699d73e80_0 .net "dmem_we", 0 0, L_0000022699cfeb50;  1 drivers
v0000022699d72260_0 .net "imem_addr", 31 0, v0000022699d709d0_0;  1 drivers
v0000022699d73480_0 .net "imem_data", 31 0, v0000022699d092b0_0;  1 drivers
v0000022699d72bc0_0 .net "reset", 0 0, v0000022699d73de0_0;  1 drivers
L_0000022699d728a0 .part v0000022699d709d0_0, 2, 6;
S_0000022699cd6bb0 .scope module, "dmem_inst" "dmem" 3 29, 4 1 0, S_0000022699cdb370;
 .timescale 0 0;
    .port_info 0 /INPUT 1 "clk";
    .port_info 1 /INPUT 1 "we";
    .port_info 2 /INPUT 32 "addr";
    .port_info 3 /INPUT 32 "wdata";
    .port_info 4 /OUTPUT 32 "rdata";
L_0000022699dd01b0 .functor BUFZ 32, L_0000022699dd14a0, C4<00000000000000000000000000000000>, C4<00000000000000000000000000000000>, C4<00000000000000000000000000000000>;
v0000022699d089f0_0 .net *"_ivl_0", 31 0, L_0000022699dd14a0;  1 drivers
v0000022699d090d0_0 .net "addr", 31 0, L_0000022699dd0bc0;  alias, 1 drivers
v0000022699d08090_0 .net "clk", 0 0, v0000022699d72f80_0;  alias, 1 drivers
v0000022699d07af0 .array "memdata", 0 127, 31 0;
v0000022699d081d0_0 .net "rdata", 31 0, L_0000022699dd01b0;  alias, 1 drivers
v0000022699d086d0_0 .net "wdata", 31 0, L_0000022699dd0c30;  alias, 1 drivers
v0000022699d08c70_0 .net "we", 0 0, L_0000022699cfeb50;  alias, 1 drivers
E_0000022699d02220 .event posedge, v0000022699d08090_0;
L_0000022699dd14a0 .array/port v0000022699d07af0, L_0000022699dd0bc0;
S_0000022699cd6d40 .scope module, "imem_inst" "imem" 3 13, 5 1 0, S_0000022699cdb370;
 .timescale 0 0;
    .port_info 0 /INPUT 6 "addr";
    .port_info 1 /OUTPUT 32 "data";
v0000022699d084f0_0 .net "addr", 5 0, L_0000022699d728a0;  1 drivers
v0000022699d092b0_0 .var "data", 31 0;
E_0000022699d02260 .event anyedge, v0000022699d084f0_0;
S_0000022699cd43d0 .scope module, "mips_inst" "mips" 3 18, 6 1 0, S_0000022699cdb370;
 .timescale 0 0;
    .port_info 0 /INPUT 1 "clk";
    .port_info 1 /INPUT 1 "rst";
    .port_info 2 /INPUT 32 "imem_data";
    .port_info 3 /OUTPUT 32 "imem_addr";
    .port_info 4 /INPUT 32 "dmem_rdata";
    .port_info 5 /OUTPUT 1 "dmem_we";
    .port_info 6 /OUTPUT 32 "dmem_addr";
    .port_info 7 /OUTPUT 32 "dmem_wdata";
v0000022699d71bf0_0 .net "alu_src", 0 0, L_0000022699ce0550;  1 drivers
v0000022699d70570_0 .net "alucontrol", 2 0, v0000022699d08310_0;  1 drivers
v0000022699d73200_0 .net "branch", 0 0, L_0000022699cfed10;  1 drivers
v0000022699d73340_0 .net "clk", 0 0, v0000022699d72f80_0;  alias, 1 drivers
v0000022699d730c0_0 .net "dmem_addr", 31 0, L_0000022699dd0bc0;  alias, 1 drivers
v0000022699d737a0_0 .net "dmem_rdata", 31 0, L_0000022699dd01b0;  alias, 1 drivers
v0000022699d73160_0 .net "dmem_wdata", 31 0, L_0000022699dd0c30;  alias, 1 drivers
v0000022699d72c60_0 .net "dmem_we", 0 0, L_0000022699cfeb50;  alias, 1 drivers
v0000022699d72800_0 .net "imem_addr", 31 0, v0000022699d709d0_0;  alias, 1 drivers
v0000022699d73020_0 .net "imem_data", 31 0, v0000022699d092b0_0;  alias, 1 drivers
v0000022699d733e0_0 .net "jump", 0 0, L_0000022699cfeed0;  1 drivers
v0000022699d735c0_0 .net "mem_to_reg", 0 0, L_0000022699cff4f0;  1 drivers
v0000022699d72580_0 .net "reg_dst", 0 0, L_0000022699cfefb0;  1 drivers
v0000022699d72940_0 .net "reg_write", 0 0, L_0000022699cff1e0;  1 drivers
v0000022699d72d00_0 .net "rst", 0 0, v0000022699d73de0_0;  alias, 1 drivers
S_0000022699cd4560 .scope module, "controller_inst" "controller" 6 22, 7 1 0, S_0000022699cd43d0;
 .timescale 0 0;
    .port_info 0 /INPUT 32 "instr";
    .port_info 1 /OUTPUT 1 "branch";
    .port_info 2 /OUTPUT 1 "jump";
    .port_info 3 /OUTPUT 1 "mem_to_reg";
    .port_info 4 /OUTPUT 1 "mem_write";
    .port_info 5 /OUTPUT 1 "reg_dst";
    .port_info 6 /OUTPUT 1 "reg_write";
    .port_info 7 /OUTPUT 3 "alucontrol";
    .port_info 8 /OUTPUT 1 "alu_src";
v0000022699d4ccc0_0 .net "alu_src", 0 0, L_0000022699ce0550;  alias, 1 drivers
v0000022699d4d4e0_0 .net "alucontrol", 2 0, v0000022699d08310_0;  alias, 1 drivers
v0000022699d4cf40_0 .net "branch", 0 0, L_0000022699cfed10;  alias, 1 drivers
v0000022699d4cb80_0 .net "instr", 31 0, v0000022699d092b0_0;  alias, 1 drivers
v0000022699d4cc20_0 .net "jump", 0 0, L_0000022699cfeed0;  alias, 1 drivers
v0000022699d4cd60_0 .net "mem_to_reg", 0 0, L_0000022699cff4f0;  alias, 1 drivers
v0000022699d4cfe0_0 .net "mem_write", 0 0, L_0000022699cfeb50;  alias, 1 drivers
v0000022699d4ce00_0 .net "reg_dst", 0 0, L_0000022699cfefb0;  alias, 1 drivers
v0000022699d4cea0_0 .net "reg_write", 0 0, L_0000022699cff1e0;  alias, 1 drivers
S_0000022699ccc310 .scope module, "aludec_inst" "aludec" 7 26, 8 1 0, S_0000022699cd4560;
 .timescale 0 0;
    .port_info 0 /INPUT 32 "instr";
    .port_info 1 /OUTPUT 3 "alucontrol";
v0000022699d08310_0 .var "alucontrol", 2 0;
v0000022699d07b90_0 .net "instr", 31 0, v0000022699d092b0_0;  alias, 1 drivers
E_0000022699d018a0 .event anyedge, v0000022699d092b0_0;
S_0000022699ccc4a0 .scope module, "maindec_inst" "maindec" 7 15, 9 1 0, S_0000022699cd4560;
 .timescale 0 0;
    .port_info 0 /INPUT 32 "instr";
    .port_info 1 /OUTPUT 1 "branch";
    .port_info 2 /OUTPUT 1 "jump";
    .port_info 3 /OUTPUT 1 "mem_to_reg";
    .port_info 4 /OUTPUT 1 "mem_write";
    .port_info 5 /OUTPUT 1 "reg_dst";
    .port_info 6 /OUTPUT 1 "reg_write";
    .port_info 7 /OUTPUT 1 "alu_src";
L_0000022699cff9c0 .functor AND 1, L_0000022699d72da0, L_0000022699d724e0, C4<1>, C4<1>;
L_0000022699cff330 .functor AND 1, L_0000022699d723a0, L_0000022699d72760, C4<1>, C4<1>;
L_0000022699cff410 .functor AND 1, L_0000022699d73520, L_0000022699d72e40, C4<1>, C4<1>;
L_0000022699cff870 .functor AND 1, L_0000022699d72ee0, L_0000022699d72440, C4<1>, C4<1>;
L_0000022699cff480 .functor AND 1, L_0000022699d72620, L_0000022699d73980, C4<1>, C4<1>;
L_0000022699cfed10 .functor BUFZ 1, L_0000022699d726c0, C4<0>, C4<0>, C4<0>;
L_0000022699cfeed0 .functor BUFZ 1, L_0000022699d73660, C4<0>, C4<0>, C4<0>;
L_0000022699cff4f0 .functor BUFZ 1, L_0000022699d73840, C4<0>, C4<0>, C4<0>;
L_0000022699cfeb50 .functor BUFZ 1, L_0000022699d73f20, C4<0>, C4<0>, C4<0>;
L_0000022699cfec30 .functor OR 1, L_0000022699cff9c0, L_0000022699cff330, C4<0>, C4<0>;
L_0000022699cfeca0 .functor OR 1, L_0000022699cfec30, L_0000022699cff410, C4<0>, C4<0>;
L_0000022699cff640 .functor OR 1, L_0000022699cfeca0, L_0000022699cff870, C4<0>, C4<0>;
L_0000022699cfefb0 .functor OR 1, L_0000022699cff640, L_0000022699cff480, C4<0>, C4<0>;
L_0000022699cfef40 .functor OR 1, L_0000022699cff9c0, L_0000022699cff330, C4<0>, C4<0>;
L_0000022699cff020 .functor OR 1, L_0000022699cfef40, L_0000022699cff410, C4<0>, C4<0>;
L_0000022699cff090 .functor OR 1, L_0000022699cff020, L_0000022699cff870, C4<0>, C4<0>;
L_0000022699cff100 .functor OR 1, L_0000022699cff090, L_0000022699cff480, C4<0>, C4<0>;
L_0000022699cff170 .functor OR 1, L_0000022699cff100, L_0000022699d732a0, C4<0>, C4<0>;
L_0000022699cff1e0 .functor OR 1, L_0000022699cff170, L_0000022699d73840, C4<0>, C4<0>;
L_0000022699cff2c0 .functor OR 1, L_0000022699d732a0, L_0000022699d73840, C4<0>, C4<0>;
L_0000022699ce0550 .functor OR 1, L_0000022699cff2c0, L_0000022699d73f20, C4<0>, C4<0>;
v0000022699d08d10_0 .net *"_ivl_10", 0 0, L_0000022699d724e0;  1 drivers
v0000022699d08a90_0 .net *"_ivl_102", 0 0, L_0000022699cff2c0;  1 drivers
L_0000022699d740d8 .functor BUFT 1, C4<000000>, C4<0>, C4<0>, C4<0>;
v0000022699d09170_0 .net/2u *"_ivl_14", 5 0, L_0000022699d740d8;  1 drivers
v0000022699d09210_0 .net *"_ivl_16", 0 0, L_0000022699d723a0;  1 drivers
L_0000022699d74120 .functor BUFT 1, C4<100010>, C4<0>, C4<0>, C4<0>;
v0000022699d07f50_0 .net/2u *"_ivl_18", 5 0, L_0000022699d74120;  1 drivers
v0000022699d07cd0_0 .net *"_ivl_20", 0 0, L_0000022699d72760;  1 drivers
L_0000022699d74168 .functor BUFT 1, C4<000000>, C4<0>, C4<0>, C4<0>;
v0000022699d09030_0 .net/2u *"_ivl_24", 5 0, L_0000022699d74168;  1 drivers
v0000022699d08b30_0 .net *"_ivl_26", 0 0, L_0000022699d73520;  1 drivers
L_0000022699d741b0 .functor BUFT 1, C4<100100>, C4<0>, C4<0>, C4<0>;
v0000022699d093f0_0 .net/2u *"_ivl_28", 5 0, L_0000022699d741b0;  1 drivers
v0000022699d083b0_0 .net *"_ivl_30", 0 0, L_0000022699d72e40;  1 drivers
L_0000022699d741f8 .functor BUFT 1, C4<000000>, C4<0>, C4<0>, C4<0>;
v0000022699d07d70_0 .net/2u *"_ivl_34", 5 0, L_0000022699d741f8;  1 drivers
v0000022699d08bd0_0 .net *"_ivl_36", 0 0, L_0000022699d72ee0;  1 drivers
L_0000022699d74240 .functor BUFT 1, C4<100101>, C4<0>, C4<0>, C4<0>;
v0000022699d08db0_0 .net/2u *"_ivl_38", 5 0, L_0000022699d74240;  1 drivers
L_0000022699d74048 .functor BUFT 1, C4<000000>, C4<0>, C4<0>, C4<0>;
v0000022699d08e50_0 .net/2u *"_ivl_4", 5 0, L_0000022699d74048;  1 drivers
v0000022699d09490_0 .net *"_ivl_40", 0 0, L_0000022699d72440;  1 drivers
L_0000022699d74288 .functor BUFT 1, C4<000000>, C4<0>, C4<0>, C4<0>;
v0000022699d08ef0_0 .net/2u *"_ivl_44", 5 0, L_0000022699d74288;  1 drivers
v0000022699d08f90_0 .net *"_ivl_46", 0 0, L_0000022699d72620;  1 drivers
L_0000022699d742d0 .functor BUFT 1, C4<101010>, C4<0>, C4<0>, C4<0>;
v0000022699d09530_0 .net/2u *"_ivl_48", 5 0, L_0000022699d742d0;  1 drivers
v0000022699d07c30_0 .net *"_ivl_50", 0 0, L_0000022699d73980;  1 drivers
L_0000022699d74318 .functor BUFT 1, C4<100011>, C4<0>, C4<0>, C4<0>;
v0000022699d095d0_0 .net/2u *"_ivl_54", 5 0, L_0000022699d74318;  1 drivers
L_0000022699d74360 .functor BUFT 1, C4<101011>, C4<0>, C4<0>, C4<0>;
v0000022699d07730_0 .net/2u *"_ivl_58", 5 0, L_0000022699d74360;  1 drivers
v0000022699d07eb0_0 .net *"_ivl_6", 0 0, L_0000022699d72da0;  1 drivers
L_0000022699d743a8 .functor BUFT 1, C4<000100>, C4<0>, C4<0>, C4<0>;
v0000022699d07910_0 .net/2u *"_ivl_62", 5 0, L_0000022699d743a8;  1 drivers
L_0000022699d743f0 .functor BUFT 1, C4<001000>, C4<0>, C4<0>, C4<0>;
v0000022699cf6d20_0 .net/2u *"_ivl_66", 5 0, L_0000022699d743f0;  1 drivers
L_0000022699d74438 .functor BUFT 1, C4<000010>, C4<0>, C4<0>, C4<0>;
v0000022699d4d260_0 .net/2u *"_ivl_70", 5 0, L_0000022699d74438;  1 drivers
L_0000022699d74090 .functor BUFT 1, C4<100000>, C4<0>, C4<0>, C4<0>;
v0000022699d4c180_0 .net/2u *"_ivl_8", 5 0, L_0000022699d74090;  1 drivers
v0000022699d4df80_0 .net *"_ivl_82", 0 0, L_0000022699cfec30;  1 drivers
v0000022699d4c360_0 .net *"_ivl_84", 0 0, L_0000022699cfeca0;  1 drivers
v0000022699d4c4a0_0 .net *"_ivl_86", 0 0, L_0000022699cff640;  1 drivers
v0000022699d4c900_0 .net *"_ivl_90", 0 0, L_0000022699cfef40;  1 drivers
v0000022699d4c540_0 .net *"_ivl_92", 0 0, L_0000022699cff020;  1 drivers
v0000022699d4ca40_0 .net *"_ivl_94", 0 0, L_0000022699cff090;  1 drivers
v0000022699d4c680_0 .net *"_ivl_96", 0 0, L_0000022699cff100;  1 drivers
v0000022699d4c0e0_0 .net *"_ivl_98", 0 0, L_0000022699cff170;  1 drivers
v0000022699d4d580_0 .net "alu_src", 0 0, L_0000022699ce0550;  alias, 1 drivers
v0000022699d4c2c0_0 .net "branch", 0 0, L_0000022699cfed10;  alias, 1 drivers
v0000022699d4d3a0_0 .net "func", 5 0, L_0000022699d73700;  1 drivers
v0000022699d4dc60_0 .net "instr", 31 0, v0000022699d092b0_0;  alias, 1 drivers
v0000022699d4c220_0 .net "is_add", 0 0, L_0000022699cff9c0;  1 drivers
v0000022699d4d6c0_0 .net "is_addi", 0 0, L_0000022699d732a0;  1 drivers
v0000022699d4c400_0 .net "is_and", 0 0, L_0000022699cff410;  1 drivers
v0000022699d4c5e0_0 .net "is_beq", 0 0, L_0000022699d726c0;  1 drivers
v0000022699d4c720_0 .net "is_j", 0 0, L_0000022699d73660;  1 drivers
v0000022699d4d620_0 .net "is_lw", 0 0, L_0000022699d73840;  1 drivers
v0000022699d4d760_0 .net "is_or", 0 0, L_0000022699cff870;  1 drivers
v0000022699d4c7c0_0 .net "is_slt", 0 0, L_0000022699cff480;  1 drivers
v0000022699d4c860_0 .net "is_sub", 0 0, L_0000022699cff330;  1 drivers
v0000022699d4db20_0 .net "is_sw", 0 0, L_0000022699d73f20;  1 drivers
v0000022699d4c9a0_0 .net "jump", 0 0, L_0000022699cfeed0;  alias, 1 drivers
v0000022699d4d300_0 .net "mem_to_reg", 0 0, L_0000022699cff4f0;  alias, 1 drivers
v0000022699d4dbc0_0 .net "mem_write", 0 0, L_0000022699cfeb50;  alias, 1 drivers
v0000022699d4d440_0 .net "opcode", 5 0, L_0000022699d72300;  1 drivers
v0000022699d4cae0_0 .net "reg_dst", 0 0, L_0000022699cfefb0;  alias, 1 drivers
v0000022699d4d800_0 .net "reg_write", 0 0, L_0000022699cff1e0;  alias, 1 drivers
L_0000022699d72300 .part v0000022699d092b0_0, 26, 6;
L_0000022699d73700 .part v0000022699d092b0_0, 0, 6;
L_0000022699d72da0 .cmp/eq 6, L_0000022699d72300, L_0000022699d74048;
L_0000022699d724e0 .cmp/eq 6, L_0000022699d73700, L_0000022699d74090;
L_0000022699d723a0 .cmp/eq 6, L_0000022699d72300, L_0000022699d740d8;
L_0000022699d72760 .cmp/eq 6, L_0000022699d73700, L_0000022699d74120;
L_0000022699d73520 .cmp/eq 6, L_0000022699d72300, L_0000022699d74168;
L_0000022699d72e40 .cmp/eq 6, L_0000022699d73700, L_0000022699d741b0;
L_0000022699d72ee0 .cmp/eq 6, L_0000022699d72300, L_0000022699d741f8;
L_0000022699d72440 .cmp/eq 6, L_0000022699d73700, L_0000022699d74240;
L_0000022699d72620 .cmp/eq 6, L_0000022699d72300, L_0000022699d74288;
L_0000022699d73980 .cmp/eq 6, L_0000022699d73700, L_0000022699d742d0;
L_0000022699d73840 .cmp/eq 6, L_0000022699d72300, L_0000022699d74318;
L_0000022699d73f20 .cmp/eq 6, L_0000022699d72300, L_0000022699d74360;
L_0000022699d726c0 .cmp/eq 6, L_0000022699d72300, L_0000022699d743a8;
L_0000022699d732a0 .cmp/eq 6, L_0000022699d72300, L_0000022699d743f0;
L_0000022699d73660 .cmp/eq 6, L_0000022699d72300, L_0000022699d74438;
S_0000022699cc9950 .scope module, "datapath_inst" "datapath" 6 34, 10 1 0, S_0000022699cd43d0;
 .timescale 0 0;
    .port_info 0 /INPUT 1 "clk";
    .port_info 1 /INPUT 1 "rst";
    .port_info 2 /INPUT 3 "alucontrol";
    .port_info 3 /INPUT 1 "alu_src";
    .port_info 4 /INPUT 1 "branch";
    .port_info 5 /INPUT 1 "jump";
    .port_info 6 /INPUT 1 "mem_to_reg";
    .port_info 7 /INPUT 1 "mem_write";
    .port_info 8 /INPUT 1 "reg_dst";
    .port_info 9 /INPUT 1 "reg_write";
    .port_info 10 /INPUT 32 "instr";
    .port_info 11 /OUTPUT 32 "pc";
    .port_info 12 /INPUT 32 "read_data";
    .port_info 13 /OUTPUT 32 "alu_result";
    .port_info 14 /OUTPUT 32 "write_data";
L_0000022699dd0680 .functor AND 1, L_0000022699cfed10, L_0000022699dd1c20, C4<1>, C4<1>;
L_0000022699dd0840 .functor BUFZ 32, v0000022699d6e2e0_0, C4<00000000000000000000000000000000>, C4<00000000000000000000000000000000>, C4<00000000000000000000000000000000>;
L_0000022699dd0bc0 .functor BUFZ 32, L_0000022699dd2120, C4<00000000000000000000000000000000>, C4<00000000000000000000000000000000>, C4<00000000000000000000000000000000>;
L_0000022699dd0c30 .functor BUFZ 32, v0000022699d6e420_0, C4<00000000000000000000000000000000>, C4<00000000000000000000000000000000>, C4<00000000000000000000000000000000>;
L_0000022699d74480 .functor BUFT 1, C4<00000000000000000000000000000100>, C4<0>, C4<0>, C4<0>;
v0000022699d70610_0 .net/2u *"_ivl_0", 31 0, L_0000022699d74480;  1 drivers
v0000022699d70930_0 .net *"_ivl_15", 29 0, L_0000022699d729e0;  1 drivers
L_0000022699d74510 .functor BUFT 1, C4<00>, C4<0>, C4<0>, C4<0>;
v0000022699d701b0_0 .net/2u *"_ivl_16", 1 0, L_0000022699d74510;  1 drivers
v0000022699d70a70_0 .net *"_ivl_18", 31 0, L_0000022699d73b60;  1 drivers
v0000022699d71a10_0 .net *"_ivl_22", 31 0, L_0000022699d73c00;  1 drivers
v0000022699d70250_0 .net *"_ivl_27", 4 0, L_0000022699dd12c0;  1 drivers
L_0000022699d74558 .functor BUFT 1, C4<0>, C4<0>, C4<0>, C4<0>;
v0000022699d71b50_0 .net *"_ivl_31", 0 0, L_0000022699d74558;  1 drivers
v0000022699d70b10_0 .net *"_ivl_33", 4 0, L_0000022699dd1680;  1 drivers
L_0000022699d745a0 .functor BUFT 1, C4<0>, C4<0>, C4<0>, C4<0>;
v0000022699d70e30_0 .net *"_ivl_37", 0 0, L_0000022699d745a0;  1 drivers
v0000022699d71010_0 .net *"_ivl_38", 5 0, L_0000022699dd2300;  1 drivers
v0000022699d71e70_0 .net *"_ivl_5", 3 0, L_0000022699d73ca0;  1 drivers
v0000022699d71150_0 .net *"_ivl_7", 25 0, L_0000022699d73a20;  1 drivers
L_0000022699d744c8 .functor BUFT 1, C4<00>, C4<0>, C4<0>, C4<0>;
v0000022699d70d90_0 .net/2u *"_ivl_8", 1 0, L_0000022699d744c8;  1 drivers
v0000022699d711f0_0 .net "alu_out", 31 0, L_0000022699dd2120;  1 drivers
v0000022699d71790_0 .net "alu_result", 31 0, L_0000022699dd0bc0;  alias, 1 drivers
v0000022699d71470_0 .net "alu_src", 0 0, L_0000022699ce0550;  alias, 1 drivers
v0000022699d70bb0_0 .net "alucontrol", 2 0, v0000022699d08310_0;  alias, 1 drivers
v0000022699d713d0_0 .net "branch", 0 0, L_0000022699cfed10;  alias, 1 drivers
v0000022699d707f0_0 .net "c_out", 0 0, L_0000022699dd2580;  1 drivers
v0000022699d70cf0_0 .net "clk", 0 0, v0000022699d72f80_0;  alias, 1 drivers
v0000022699d70c50_0 .net "imm_ext", 31 0, v0000022699d706b0_0;  1 drivers
v0000022699d70390_0 .net "instr", 31 0, v0000022699d092b0_0;  alias, 1 drivers
v0000022699d70070_0 .net "jump", 0 0, L_0000022699cfeed0;  alias, 1 drivers
v0000022699d70ed0_0 .net "mem_to_reg", 0 0, L_0000022699cff4f0;  alias, 1 drivers
v0000022699d70890_0 .net "mem_write", 0 0, L_0000022699cfeb50;  alias, 1 drivers
v0000022699d709d0_0 .var "pc", 31 0;
v0000022699d71510_0 .net "pc_branch", 31 0, L_0000022699d72a80;  1 drivers
v0000022699d71290_0 .net "pc_jump", 31 0, L_0000022699d73ac0;  1 drivers
v0000022699d71f10_0 .net "pc_next", 31 0, L_0000022699d73d40;  1 drivers
v0000022699d702f0_0 .net "pc_plus_4", 31 0, L_0000022699d738e0;  1 drivers
v0000022699d70750_0 .net "pc_src", 0 0, L_0000022699dd0680;  1 drivers
v0000022699d71330_0 .net "rd", 5 0, L_0000022699dd10e0;  1 drivers
v0000022699d71d30_0 .net "read_data", 31 0, L_0000022699dd01b0;  alias, 1 drivers
v0000022699d70430_0 .net "reg_data1", 31 0, v0000022699d6e2e0_0;  1 drivers
v0000022699d715b0_0 .net "reg_data2", 31 0, v0000022699d6e420_0;  1 drivers
v0000022699d71c90_0 .net "reg_dst", 0 0, L_0000022699cfefb0;  alias, 1 drivers
v0000022699d70f70_0 .net "reg_write", 0 0, L_0000022699cff1e0;  alias, 1 drivers
v0000022699d71650_0 .net "result", 31 0, L_0000022699dd2440;  1 drivers
v0000022699d716f0_0 .net "rst", 0 0, v0000022699d73de0_0;  alias, 1 drivers
v0000022699d71830_0 .net "rt", 5 0, L_0000022699dd1720;  1 drivers
v0000022699d718d0_0 .net "src_a", 31 0, L_0000022699dd0840;  1 drivers
v0000022699d71970_0 .net "src_b", 31 0, L_0000022699dd1180;  1 drivers
v0000022699d71ab0_0 .net "write_data", 31 0, L_0000022699dd0c30;  alias, 1 drivers
v0000022699d71dd0_0 .net "write_reg", 4 0, L_0000022699dd2b20;  1 drivers
v0000022699d704d0_0 .net "zero", 0 0, L_0000022699dd1c20;  1 drivers
L_0000022699d738e0 .arith/sum 32, v0000022699d709d0_0, L_0000022699d74480;
L_0000022699d73ca0 .part L_0000022699d738e0, 28, 4;
L_0000022699d73a20 .part v0000022699d092b0_0, 0, 26;
L_0000022699d73ac0 .concat [ 2 26 4 0], L_0000022699d744c8, L_0000022699d73a20, L_0000022699d73ca0;
L_0000022699d729e0 .part v0000022699d706b0_0, 0, 30;
L_0000022699d73b60 .concat [ 2 30 0 0], L_0000022699d74510, L_0000022699d729e0;
L_0000022699d72a80 .arith/sum 32, L_0000022699d738e0, L_0000022699d73b60;
L_0000022699d73c00 .functor MUXZ 32, L_0000022699d738e0, L_0000022699d72a80, L_0000022699dd0680, C4<>;
L_0000022699d73d40 .functor MUXZ 32, L_0000022699d73c00, L_0000022699d73ac0, L_0000022699cfeed0, C4<>;
L_0000022699dd12c0 .part v0000022699d092b0_0, 16, 5;
L_0000022699dd1720 .concat [ 5 1 0 0], L_0000022699dd12c0, L_0000022699d74558;
L_0000022699dd1680 .part v0000022699d092b0_0, 11, 5;
L_0000022699dd10e0 .concat [ 5 1 0 0], L_0000022699dd1680, L_0000022699d745a0;
L_0000022699dd2300 .functor MUXZ 6, L_0000022699dd1720, L_0000022699dd10e0, L_0000022699cfefb0, C4<>;
L_0000022699dd2b20 .part L_0000022699dd2300, 0, 5;
L_0000022699dd2440 .functor MUXZ 32, L_0000022699dd0bc0, L_0000022699dd01b0, L_0000022699cff4f0, C4<>;
L_0000022699dd2760 .part v0000022699d092b0_0, 21, 5;
L_0000022699dd1d60 .part v0000022699d092b0_0, 16, 5;
L_0000022699dd1180 .functor MUXZ 32, v0000022699d6e420_0, v0000022699d706b0_0, L_0000022699ce0550, C4<>;
L_0000022699dd28a0 .part v0000022699d092b0_0, 0, 16;
S_0000022699cbf250 .scope module, "alu_inst" "alu" 10 79, 11 1 0, S_0000022699cc9950;
 .timescale 0 0;
    .port_info 0 /INPUT 32 "a_in";
    .port_info 1 /INPUT 32 "b_in";
    .port_info 2 /INPUT 3 "f_in";
    .port_info 3 /OUTPUT 1 "zero";
    .port_info 4 /OUTPUT 1 "c_out";
    .port_info 5 /OUTPUT 32 "y_out";
L_0000022699dd0d10 .functor NOT 32, L_0000022699dd1180, C4<00000000000000000000000000000000>, C4<00000000000000000000000000000000>, C4<00000000000000000000000000000000>;
L_0000022699d74678 .functor BUFT 1, C4<0>, C4<0>, C4<0>, C4<0>;
L_0000022699dd08b0 .functor XNOR 1, L_0000022699d74678, L_0000022699dd24e0, C4<0>, C4<0>;
L_0000022699dd0920 .functor AND 32, L_0000022699dd0840, L_0000022699dd2260, C4<11111111111111111111111111111111>, C4<11111111111111111111111111111111>;
L_0000022699dd0a70 .functor OR 32, L_0000022699dd0840, L_0000022699dd2260, C4<00000000000000000000000000000000>, C4<00000000000000000000000000000000>;
L_0000022699dd0140 .functor XNOR 1, L_0000022699dd1f40, L_0000022699dd2bc0, C4<0>, C4<0>;
L_0000022699dd0530 .functor XOR 1, L_0000022699dd1400, L_0000022699dd2d00, C4<0>, C4<0>;
L_0000022699dd0990 .functor AND 1, L_0000022699dd0140, L_0000022699dd0530, C4<1>, C4<1>;
L_0000022699dd0d80 .functor NOT 1, L_0000022699dd2620, C4<0>, C4<0>, C4<0>;
v0000022699d4d080_0 .net *"_ivl_17", 32 0, L_0000022699dd1220;  1 drivers
v0000022699d4d8a0_0 .net/2u *"_ivl_2", 0 0, L_0000022699d74678;  1 drivers
L_0000022699d746c0 .functor BUFT 1, C4<0>, C4<0>, C4<0>, C4<0>;
v0000022699d4dd00_0 .net *"_ivl_20", 0 0, L_0000022699d746c0;  1 drivers
v0000022699d4d120_0 .net *"_ivl_21", 32 0, L_0000022699dd1b80;  1 drivers
L_0000022699d74708 .functor BUFT 1, C4<0>, C4<0>, C4<0>, C4<0>;
v0000022699d4d1c0_0 .net *"_ivl_24", 0 0, L_0000022699d74708;  1 drivers
v0000022699d4d940_0 .net *"_ivl_25", 32 0, L_0000022699dd21c0;  1 drivers
v0000022699d4d9e0_0 .net *"_ivl_28", 0 0, L_0000022699dd2ee0;  1 drivers
v0000022699d4dda0_0 .net *"_ivl_29", 32 0, L_0000022699dd2940;  1 drivers
L_0000022699d74750 .functor BUFT 1, C4<00000000000000000000000000000000>, C4<0>, C4<0>, C4<0>;
v0000022699d4da80_0 .net *"_ivl_32", 31 0, L_0000022699d74750;  1 drivers
v0000022699d4de40_0 .net *"_ivl_33", 32 0, L_0000022699dd2c60;  1 drivers
L_0000022699d74798 .functor BUFT 1, C4<0000000000000000000000000000000>, C4<0>, C4<0>, C4<0>;
v0000022699d4dee0_0 .net/2u *"_ivl_35", 30 0, L_0000022699d74798;  1 drivers
v0000022699d6f1e0_0 .net *"_ivl_38", 0 0, L_0000022699dd1f40;  1 drivers
v0000022699d6f280_0 .net *"_ivl_40", 0 0, L_0000022699dd2bc0;  1 drivers
v0000022699d6f780_0 .net *"_ivl_41", 0 0, L_0000022699dd0140;  1 drivers
v0000022699d6faa0_0 .net *"_ivl_44", 0 0, L_0000022699dd1400;  1 drivers
v0000022699d6fd20_0 .net *"_ivl_46", 0 0, L_0000022699dd2d00;  1 drivers
v0000022699d6f820_0 .net *"_ivl_47", 0 0, L_0000022699dd0530;  1 drivers
v0000022699d6f320_0 .net *"_ivl_5", 0 0, L_0000022699dd24e0;  1 drivers
v0000022699d6ece0_0 .net *"_ivl_50", 0 0, L_0000022699dd0990;  1 drivers
v0000022699d6f0a0_0 .net *"_ivl_52", 0 0, L_0000022699dd2620;  1 drivers
v0000022699d6ed80_0 .net *"_ivl_53", 0 0, L_0000022699dd0d80;  1 drivers
v0000022699d6f140_0 .net *"_ivl_56", 0 0, L_0000022699dd2f80;  1 drivers
v0000022699d6f8c0_0 .net *"_ivl_57", 0 0, L_0000022699dd1360;  1 drivers
v0000022699d6f460_0 .net *"_ivl_6", 0 0, L_0000022699dd08b0;  1 drivers
L_0000022699d747e0 .functor BUFT 1, C4<00>, C4<0>, C4<0>, C4<0>;
v0000022699d6eba0_0 .net/2u *"_ivl_63", 1 0, L_0000022699d747e0;  1 drivers
v0000022699d6f3c0_0 .net *"_ivl_66", 1 0, L_0000022699dd26c0;  1 drivers
v0000022699d6e6a0_0 .net *"_ivl_67", 0 0, L_0000022699dd1fe0;  1 drivers
L_0000022699d74828 .functor BUFT 1, C4<01>, C4<0>, C4<0>, C4<0>;
v0000022699d6e4c0_0 .net/2u *"_ivl_69", 1 0, L_0000022699d74828;  1 drivers
v0000022699d6fe60_0 .net *"_ivl_72", 1 0, L_0000022699dd1a40;  1 drivers
v0000022699d6f960_0 .net *"_ivl_73", 0 0, L_0000022699dd2800;  1 drivers
L_0000022699d74870 .functor BUFT 1, C4<10>, C4<0>, C4<0>, C4<0>;
v0000022699d6e880_0 .net/2u *"_ivl_75", 1 0, L_0000022699d74870;  1 drivers
v0000022699d6e560_0 .net *"_ivl_78", 1 0, L_0000022699dd2080;  1 drivers
v0000022699d6f500_0 .net *"_ivl_79", 0 0, L_0000022699dd1cc0;  1 drivers
v0000022699d6eec0_0 .net *"_ivl_81", 31 0, L_0000022699dd29e0;  1 drivers
v0000022699d6e600_0 .net *"_ivl_83", 31 0, L_0000022699dd1e00;  1 drivers
v0000022699d6fbe0_0 .net "a_in", 31 0, L_0000022699dd0840;  alias, 1 drivers
v0000022699d6f640_0 .net "b_in", 31 0, L_0000022699dd1180;  alias, 1 drivers
v0000022699d6e060_0 .net "b_mux_not_b", 31 0, L_0000022699dd2260;  1 drivers
v0000022699d6fc80_0 .net "c_out", 0 0, L_0000022699dd2580;  alias, 1 drivers
v0000022699d6ea60_0 .net "f_in", 2 0, v0000022699d08310_0;  alias, 1 drivers
v0000022699d6e9c0_0 .net "fx00", 31 0, L_0000022699dd0920;  1 drivers
v0000022699d6f5a0_0 .net "fx01", 31 0, L_0000022699dd0a70;  1 drivers
v0000022699d6fa00_0 .net "fx10", 31 0, L_0000022699dd1ea0;  1 drivers
v0000022699d6fdc0_0 .net "fx11", 31 0, L_0000022699dd1860;  1 drivers
v0000022699d6e740_0 .net "not_b_in", 31 0, L_0000022699dd0d10;  1 drivers
v0000022699d6e7e0_0 .net "y_out", 31 0, L_0000022699dd2120;  alias, 1 drivers
v0000022699d6e380_0 .net "zero", 0 0, L_0000022699dd1c20;  alias, 1 drivers
L_0000022699dd24e0 .part v0000022699d08310_0, 2, 1;
L_0000022699dd2260 .functor MUXZ 32, L_0000022699dd0d10, L_0000022699dd1180, L_0000022699dd08b0, C4<>;
L_0000022699dd2580 .part L_0000022699dd2c60, 32, 1;
L_0000022699dd1ea0 .part L_0000022699dd2c60, 0, 32;
L_0000022699dd1220 .concat [ 32 1 0 0], L_0000022699dd0840, L_0000022699d746c0;
L_0000022699dd1b80 .concat [ 32 1 0 0], L_0000022699dd2260, L_0000022699d74708;
L_0000022699dd21c0 .arith/sum 33, L_0000022699dd1220, L_0000022699dd1b80;
L_0000022699dd2ee0 .part v0000022699d08310_0, 2, 1;
L_0000022699dd2940 .concat [ 1 32 0 0], L_0000022699dd2ee0, L_0000022699d74750;
L_0000022699dd2c60 .arith/sum 33, L_0000022699dd21c0, L_0000022699dd2940;
L_0000022699dd1f40 .part L_0000022699dd0840, 31, 1;
L_0000022699dd2bc0 .part L_0000022699dd0d10, 31, 1;
L_0000022699dd1400 .part L_0000022699dd1ea0, 31, 1;
L_0000022699dd2d00 .part L_0000022699dd0840, 31, 1;
L_0000022699dd2620 .part L_0000022699dd1ea0, 31, 1;
L_0000022699dd2f80 .part L_0000022699dd1ea0, 31, 1;
L_0000022699dd1360 .functor MUXZ 1, L_0000022699dd2f80, L_0000022699dd0d80, L_0000022699dd0990, C4<>;
L_0000022699dd1860 .concat [ 1 31 0 0], L_0000022699dd1360, L_0000022699d74798;
L_0000022699dd1c20 .reduce/nor L_0000022699dd2120;
L_0000022699dd26c0 .part v0000022699d08310_0, 0, 2;
L_0000022699dd1fe0 .cmp/eq 2, L_0000022699d747e0, L_0000022699dd26c0;
L_0000022699dd1a40 .part v0000022699d08310_0, 0, 2;
L_0000022699dd2800 .cmp/eq 2, L_0000022699d74828, L_0000022699dd1a40;
L_0000022699dd2080 .part v0000022699d08310_0, 0, 2;
L_0000022699dd1cc0 .cmp/eq 2, L_0000022699d74870, L_0000022699dd2080;
L_0000022699dd29e0 .functor MUXZ 32, L_0000022699dd1860, L_0000022699dd1ea0, L_0000022699dd1cc0, C4<>;
L_0000022699dd1e00 .functor MUXZ 32, L_0000022699dd29e0, L_0000022699dd0a70, L_0000022699dd2800, C4<>;
L_0000022699dd2120 .functor MUXZ 32, L_0000022699dd1e00, L_0000022699dd0920, L_0000022699dd1fe0, C4<>;
S_0000022699cacfc0 .scope begin, "proc_pc" "proc_pc" 10 37, 10 37 0, S_0000022699cc9950;
 .timescale 0 0;
S_0000022699cad150 .scope module, "regfile_inst" "regfile" 10 60, 12 1 0, S_0000022699cc9950;
 .timescale 0 0;
    .port_info 0 /INPUT 1 "clk";
    .port_info 1 /INPUT 5 "addr1";
    .port_info 2 /INPUT 5 "addr2";
    .port_info 3 /OUTPUT 32 "data1";
    .port_info 4 /OUTPUT 32 "data2";
    .port_info 5 /INPUT 1 "rw";
    .port_info 6 /INPUT 5 "addr3";
    .port_info 7 /INPUT 32 "wdata";
v0000022699d6e920_0 .net *"_ivl_11", 31 0, L_0000022699dd23a0;  1 drivers
v0000022699d6fb40_0 .net *"_ivl_13", 6 0, L_0000022699dd1900;  1 drivers
L_0000022699d74630 .functor BUFT 1, C4<00>, C4<0>, C4<0>, C4<0>;
v0000022699d6eb00_0 .net *"_ivl_16", 1 0, L_0000022699d74630;  1 drivers
v0000022699d6f6e0_0 .net *"_ivl_2", 31 0, L_0000022699dd1ae0;  1 drivers
v0000022699d6ff00_0 .net *"_ivl_4", 6 0, L_0000022699dd19a0;  1 drivers
L_0000022699d745e8 .functor BUFT 1, C4<00>, C4<0>, C4<0>, C4<0>;
v0000022699d6e100_0 .net *"_ivl_7", 1 0, L_0000022699d745e8;  1 drivers
v0000022699d6e1a0_0 .net "addr1", 4 0, L_0000022699dd2760;  1 drivers
v0000022699d6ee20_0 .net "addr2", 4 0, L_0000022699dd1d60;  1 drivers
v0000022699d6ef60_0 .net "addr3", 4 0, L_0000022699dd2b20;  alias, 1 drivers
v0000022699d6e240_0 .net "clk", 0 0, v0000022699d72f80_0;  alias, 1 drivers
v0000022699d6e2e0_0 .var "data1", 31 0;
v0000022699d6e420_0 .var "data2", 31 0;
v0000022699d6ec40 .array "regmem", 0 31, 31 0;
v0000022699d6f000_0 .net "rw", 0 0, L_0000022699cff1e0;  alias, 1 drivers
v0000022699d70110_0 .net "wdata", 31 0, L_0000022699dd2440;  alias, 1 drivers
E_0000022699d022a0 .event anyedge, L_0000022699dd23a0, v0000022699d6ee20_0;
E_0000022699d013e0 .event anyedge, L_0000022699dd1ae0, v0000022699d6e1a0_0;
L_0000022699dd1ae0 .array/port v0000022699d6ec40, L_0000022699dd19a0;
L_0000022699dd19a0 .concat [ 5 2 0 0], L_0000022699dd2760, L_0000022699d745e8;
L_0000022699dd23a0 .array/port v0000022699d6ec40, L_0000022699dd1900;
L_0000022699dd1900 .concat [ 5 2 0 0], L_0000022699dd1d60, L_0000022699d74630;
S_0000022699c9eea0 .scope module, "sign_extend_inst" "sign_extend" 10 90, 13 1 0, S_0000022699cc9950;
 .timescale 0 0;
    .port_info 0 /INPUT 16 "idata";
    .port_info 1 /OUTPUT 32 "odata";
v0000022699d710b0_0 .net "idata", 15 0, L_0000022699dd28a0;  1 drivers
v0000022699d706b0_0 .var "odata", 31 0;
E_0000022699d01960 .event anyedge, v0000022699d710b0_0;
S_0000022699c9f030 .scope begin, "proc_sign_extend" "proc_sign_extend" 13 8, 13 8 0, S_0000022699c9eea0;
 .timescale 0 0;
    .scope S_0000022699cd6d40;
T_0 ;
    %wait E_0000022699d02260;
    %load/vec4 v0000022699d084f0_0;
    %dup/vec4;
    %pushi/vec4 0, 0, 6;
    %cmp/u;
    %jmp/1 T_0.0, 6;
    %dup/vec4;
    %pushi/vec4 1, 0, 6;
    %cmp/u;
    %jmp/1 T_0.1, 6;
    %dup/vec4;
    %pushi/vec4 2, 0, 6;
    %cmp/u;
    %jmp/1 T_0.2, 6;
    %dup/vec4;
    %pushi/vec4 3, 0, 6;
    %cmp/u;
    %jmp/1 T_0.3, 6;
    %dup/vec4;
    %pushi/vec4 4, 0, 6;
    %cmp/u;
    %jmp/1 T_0.4, 6;
    %dup/vec4;
    %pushi/vec4 5, 0, 6;
    %cmp/u;
    %jmp/1 T_0.5, 6;
    %dup/vec4;
    %pushi/vec4 6, 0, 6;
    %cmp/u;
    %jmp/1 T_0.6, 6;
    %dup/vec4;
    %pushi/vec4 7, 0, 6;
    %cmp/u;
    %jmp/1 T_0.7, 6;
    %dup/vec4;
    %pushi/vec4 8, 0, 6;
    %cmp/u;
    %jmp/1 T_0.8, 6;
    %dup/vec4;
    %pushi/vec4 9, 0, 6;
    %cmp/u;
    %jmp/1 T_0.9, 6;
    %dup/vec4;
    %pushi/vec4 10, 0, 6;
    %cmp/u;
    %jmp/1 T_0.10, 6;
    %dup/vec4;
    %pushi/vec4 11, 0, 6;
    %cmp/u;
    %jmp/1 T_0.11, 6;
    %dup/vec4;
    %pushi/vec4 12, 0, 6;
    %cmp/u;
    %jmp/1 T_0.12, 6;
    %dup/vec4;
    %pushi/vec4 13, 0, 6;
    %cmp/u;
    %jmp/1 T_0.13, 6;
    %dup/vec4;
    %pushi/vec4 14, 0, 6;
    %cmp/u;
    %jmp/1 T_0.14, 6;
    %dup/vec4;
    %pushi/vec4 15, 0, 6;
    %cmp/u;
    %jmp/1 T_0.15, 6;
    %dup/vec4;
    %pushi/vec4 16, 0, 6;
    %cmp/u;
    %jmp/1 T_0.16, 6;
    %dup/vec4;
    %pushi/vec4 17, 0, 6;
    %cmp/u;
    %jmp/1 T_0.17, 6;
    %dup/vec4;
    %pushi/vec4 18, 0, 6;
    %cmp/u;
    %jmp/1 T_0.18, 6;
    %dup/vec4;
    %pushi/vec4 19, 0, 6;
    %cmp/u;
    %jmp/1 T_0.19, 6;
    %dup/vec4;
    %pushi/vec4 20, 0, 6;
    %cmp/u;
    %jmp/1 T_0.20, 6;
    %dup/vec4;
    %pushi/vec4 21, 0, 6;
    %cmp/u;
    %jmp/1 T_0.21, 6;
    %dup/vec4;
    %pushi/vec4 22, 0, 6;
    %cmp/u;
    %jmp/1 T_0.22, 6;
    %dup/vec4;
    %pushi/vec4 23, 0, 6;
    %cmp/u;
    %jmp/1 T_0.23, 6;
    %dup/vec4;
    %pushi/vec4 24, 0, 6;
    %cmp/u;
    %jmp/1 T_0.24, 6;
    %dup/vec4;
    %pushi/vec4 25, 0, 6;
    %cmp/u;
    %jmp/1 T_0.25, 6;
    %dup/vec4;
    %pushi/vec4 26, 0, 6;
    %cmp/u;
    %jmp/1 T_0.26, 6;
    %dup/vec4;
    %pushi/vec4 27, 0, 6;
    %cmp/u;
    %jmp/1 T_0.27, 6;
    %dup/vec4;
    %pushi/vec4 28, 0, 6;
    %cmp/u;
    %jmp/1 T_0.28, 6;
    %dup/vec4;
    %pushi/vec4 29, 0, 6;
    %cmp/u;
    %jmp/1 T_0.29, 6;
    %dup/vec4;
    %pushi/vec4 30, 0, 6;
    %cmp/u;
    %jmp/1 T_0.30, 6;
    %dup/vec4;
    %pushi/vec4 31, 0, 6;
    %cmp/u;
    %jmp/1 T_0.31, 6;
    %dup/vec4;
    %pushi/vec4 32, 0, 6;
    %cmp/u;
    %jmp/1 T_0.32, 6;
    %dup/vec4;
    %pushi/vec4 33, 0, 6;
    %cmp/u;
    %jmp/1 T_0.33, 6;
    %dup/vec4;
    %pushi/vec4 34, 0, 6;
    %cmp/u;
    %jmp/1 T_0.34, 6;
    %dup/vec4;
    %pushi/vec4 35, 0, 6;
    %cmp/u;
    %jmp/1 T_0.35, 6;
    %dup/vec4;
    %pushi/vec4 36, 0, 6;
    %cmp/u;
    %jmp/1 T_0.36, 6;
    %dup/vec4;
    %pushi/vec4 37, 0, 6;
    %cmp/u;
    %jmp/1 T_0.37, 6;
    %dup/vec4;
    %pushi/vec4 38, 0, 6;
    %cmp/u;
    %jmp/1 T_0.38, 6;
    %dup/vec4;
    %pushi/vec4 39, 0, 6;
    %cmp/u;
    %jmp/1 T_0.39, 6;
    %dup/vec4;
    %pushi/vec4 40, 0, 6;
    %cmp/u;
    %jmp/1 T_0.40, 6;
    %dup/vec4;
    %pushi/vec4 41, 0, 6;
    %cmp/u;
    %jmp/1 T_0.41, 6;
    %dup/vec4;
    %pushi/vec4 42, 0, 6;
    %cmp/u;
    %jmp/1 T_0.42, 6;
    %dup/vec4;
    %pushi/vec4 43, 0, 6;
    %cmp/u;
    %jmp/1 T_0.43, 6;
    %dup/vec4;
    %pushi/vec4 44, 0, 6;
    %cmp/u;
    %jmp/1 T_0.44, 6;
    %dup/vec4;
    %pushi/vec4 45, 0, 6;
    %cmp/u;
    %jmp/1 T_0.45, 6;
    %dup/vec4;
    %pushi/vec4 46, 0, 6;
    %cmp/u;
    %jmp/1 T_0.46, 6;
    %dup/vec4;
    %pushi/vec4 47, 0, 6;
    %cmp/u;
    %jmp/1 T_0.47, 6;
    %dup/vec4;
    %pushi/vec4 48, 0, 6;
    %cmp/u;
    %jmp/1 T_0.48, 6;
    %dup/vec4;
    %pushi/vec4 49, 0, 6;
    %cmp/u;
    %jmp/1 T_0.49, 6;
    %dup/vec4;
    %pushi/vec4 50, 0, 6;
    %cmp/u;
    %jmp/1 T_0.50, 6;
    %dup/vec4;
    %pushi/vec4 51, 0, 6;
    %cmp/u;
    %jmp/1 T_0.51, 6;
    %dup/vec4;
    %pushi/vec4 52, 0, 6;
    %cmp/u;
    %jmp/1 T_0.52, 6;
    %dup/vec4;
    %pushi/vec4 53, 0, 6;
    %cmp/u;
    %jmp/1 T_0.53, 6;
    %dup/vec4;
    %pushi/vec4 54, 0, 6;
    %cmp/u;
    %jmp/1 T_0.54, 6;
    %dup/vec4;
    %pushi/vec4 55, 0, 6;
    %cmp/u;
    %jmp/1 T_0.55, 6;
    %dup/vec4;
    %pushi/vec4 56, 0, 6;
    %cmp/u;
    %jmp/1 T_0.56, 6;
    %dup/vec4;
    %pushi/vec4 57, 0, 6;
    %cmp/u;
    %jmp/1 T_0.57, 6;
    %dup/vec4;
    %pushi/vec4 58, 0, 6;
    %cmp/u;
    %jmp/1 T_0.58, 6;
    %dup/vec4;
    %pushi/vec4 59, 0, 6;
    %cmp/u;
    %jmp/1 T_0.59, 6;
    %dup/vec4;
    %pushi/vec4 60, 0, 6;
    %cmp/u;
    %jmp/1 T_0.60, 6;
    %dup/vec4;
    %pushi/vec4 61, 0, 6;
    %cmp/u;
    %jmp/1 T_0.61, 6;
    %dup/vec4;
    %pushi/vec4 62, 0, 6;
    %cmp/u;
    %jmp/1 T_0.62, 6;
    %dup/vec4;
    %pushi/vec4 63, 0, 6;
    %cmp/u;
    %jmp/1 T_0.63, 6;
    %jmp T_0.64;
T_0.0 ;
    %pushi/vec4 537001989, 0, 32;
    %store/vec4 v0000022699d092b0_0, 0, 32;
    %jmp T_0.64;
T_0.1 ;
    %pushi/vec4 537329667, 0, 32;
    %store/vec4 v0000022699d092b0_0, 0, 32;
    %jmp T_0.64;
T_0.2 ;
    %pushi/vec4 537067532, 0, 32;
    %store/vec4 v0000022699d092b0_0, 0, 32;
    %jmp T_0.64;
T_0.3 ;
    %pushi/vec4 14819365, 0, 32;
    %store/vec4 v0000022699d092b0_0, 0, 32;
    %jmp T_0.64;
T_0.4 ;
    %pushi/vec4 6563876, 0, 32;
    %store/vec4 v0000022699d092b0_0, 0, 32;
    %jmp T_0.64;
T_0.5 ;
    %pushi/vec4 10758176, 0, 32;
    %store/vec4 v0000022699d092b0_0, 0, 32;
    %jmp T_0.64;
T_0.6 ;
    %pushi/vec4 279379976, 0, 32;
    %store/vec4 v0000022699d092b0_0, 0, 32;
    %jmp T_0.64;
T_0.7 ;
    %pushi/vec4 6565930, 0, 32;
    %store/vec4 v0000022699d092b0_0, 0, 32;
    %jmp T_0.64;
T_0.8 ;
    %pushi/vec4 281018369, 0, 32;
    %store/vec4 v0000022699d092b0_0, 0, 32;
    %jmp T_0.64;
T_0.9 ;
    %pushi/vec4 537198602, 0, 32;
    %store/vec4 v0000022699d092b0_0, 0, 32;
    %jmp T_0.64;
T_0.10 ;
    %pushi/vec4 14823466, 0, 32;
    %store/vec4 v0000022699d092b0_0, 0, 32;
    %jmp T_0.64;
T_0.11 ;
    %pushi/vec4 12924960, 0, 32;
    %store/vec4 v0000022699d092b0_0, 0, 32;
    %jmp T_0.64;
T_0.12 ;
    %pushi/vec4 14825506, 0, 32;
    %store/vec4 v0000022699d092b0_0, 0, 32;
    %jmp T_0.64;
T_0.13 ;
    %pushi/vec4 134217743, 0, 32;
    %store/vec4 v0000022699d092b0_0, 0, 32;
    %jmp T_0.64;
T_0.14 ;
    %pushi/vec4 2349268992, 0, 32;
    %store/vec4 v0000022699d092b0_0, 0, 32;
    %jmp T_0.64;
T_0.15 ;
    %pushi/vec4 2890334279, 0, 32;
    %store/vec4 v0000022699d092b0_0, 0, 32;
    %jmp T_0.64;
T_0.16 ;
    %pushi/vec4 0, 0, 32;
    %store/vec4 v0000022699d092b0_0, 0, 32;
    %jmp T_0.64;
T_0.17 ;
    %pushi/vec4 0, 0, 32;
    %store/vec4 v0000022699d092b0_0, 0, 32;
    %jmp T_0.64;
T_0.18 ;
    %pushi/vec4 0, 0, 32;
    %store/vec4 v0000022699d092b0_0, 0, 32;
    %jmp T_0.64;
T_0.19 ;
    %pushi/vec4 0, 0, 32;
    %store/vec4 v0000022699d092b0_0, 0, 32;
    %jmp T_0.64;
T_0.20 ;
    %pushi/vec4 0, 0, 32;
    %store/vec4 v0000022699d092b0_0, 0, 32;
    %jmp T_0.64;
T_0.21 ;
    %pushi/vec4 0, 0, 32;
    %store/vec4 v0000022699d092b0_0, 0, 32;
    %jmp T_0.64;
T_0.22 ;
    %pushi/vec4 0, 0, 32;
    %store/vec4 v0000022699d092b0_0, 0, 32;
    %jmp T_0.64;
T_0.23 ;
    %pushi/vec4 0, 0, 32;
    %store/vec4 v0000022699d092b0_0, 0, 32;
    %jmp T_0.64;
T_0.24 ;
    %pushi/vec4 0, 0, 32;
    %store/vec4 v0000022699d092b0_0, 0, 32;
    %jmp T_0.64;
T_0.25 ;
    %pushi/vec4 0, 0, 32;
    %store/vec4 v0000022699d092b0_0, 0, 32;
    %jmp T_0.64;
T_0.26 ;
    %pushi/vec4 0, 0, 32;
    %store/vec4 v0000022699d092b0_0, 0, 32;
    %jmp T_0.64;
T_0.27 ;
    %pushi/vec4 0, 0, 32;
    %store/vec4 v0000022699d092b0_0, 0, 32;
    %jmp T_0.64;
T_0.28 ;
    %pushi/vec4 0, 0, 32;
    %store/vec4 v0000022699d092b0_0, 0, 32;
    %jmp T_0.64;
T_0.29 ;
    %pushi/vec4 0, 0, 32;
    %store/vec4 v0000022699d092b0_0, 0, 32;
    %jmp T_0.64;
T_0.30 ;
    %pushi/vec4 0, 0, 32;
    %store/vec4 v0000022699d092b0_0, 0, 32;
    %jmp T_0.64;
T_0.31 ;
    %pushi/vec4 0, 0, 32;
    %store/vec4 v0000022699d092b0_0, 0, 32;
    %jmp T_0.64;
T_0.32 ;
    %pushi/vec4 0, 0, 32;
    %store/vec4 v0000022699d092b0_0, 0, 32;
    %jmp T_0.64;
T_0.33 ;
    %pushi/vec4 0, 0, 32;
    %store/vec4 v0000022699d092b0_0, 0, 32;
    %jmp T_0.64;
T_0.34 ;
    %pushi/vec4 0, 0, 32;
    %store/vec4 v0000022699d092b0_0, 0, 32;
    %jmp T_0.64;
T_0.35 ;
    %pushi/vec4 0, 0, 32;
    %store/vec4 v0000022699d092b0_0, 0, 32;
    %jmp T_0.64;
T_0.36 ;
    %pushi/vec4 0, 0, 32;
    %store/vec4 v0000022699d092b0_0, 0, 32;
    %jmp T_0.64;
T_0.37 ;
    %pushi/vec4 0, 0, 32;
    %store/vec4 v0000022699d092b0_0, 0, 32;
    %jmp T_0.64;
T_0.38 ;
    %pushi/vec4 0, 0, 32;
    %store/vec4 v0000022699d092b0_0, 0, 32;
    %jmp T_0.64;
T_0.39 ;
    %pushi/vec4 0, 0, 32;
    %store/vec4 v0000022699d092b0_0, 0, 32;
    %jmp T_0.64;
T_0.40 ;
    %pushi/vec4 0, 0, 32;
    %store/vec4 v0000022699d092b0_0, 0, 32;
    %jmp T_0.64;
T_0.41 ;
    %pushi/vec4 0, 0, 32;
    %store/vec4 v0000022699d092b0_0, 0, 32;
    %jmp T_0.64;
T_0.42 ;
    %pushi/vec4 0, 0, 32;
    %store/vec4 v0000022699d092b0_0, 0, 32;
    %jmp T_0.64;
T_0.43 ;
    %pushi/vec4 0, 0, 32;
    %store/vec4 v0000022699d092b0_0, 0, 32;
    %jmp T_0.64;
T_0.44 ;
    %pushi/vec4 0, 0, 32;
    %store/vec4 v0000022699d092b0_0, 0, 32;
    %jmp T_0.64;
T_0.45 ;
    %pushi/vec4 0, 0, 32;
    %store/vec4 v0000022699d092b0_0, 0, 32;
    %jmp T_0.64;
T_0.46 ;
    %pushi/vec4 0, 0, 32;
    %store/vec4 v0000022699d092b0_0, 0, 32;
    %jmp T_0.64;
T_0.47 ;
    %pushi/vec4 0, 0, 32;
    %store/vec4 v0000022699d092b0_0, 0, 32;
    %jmp T_0.64;
T_0.48 ;
    %pushi/vec4 0, 0, 32;
    %store/vec4 v0000022699d092b0_0, 0, 32;
    %jmp T_0.64;
T_0.49 ;
    %pushi/vec4 0, 0, 32;
    %store/vec4 v0000022699d092b0_0, 0, 32;
    %jmp T_0.64;
T_0.50 ;
    %pushi/vec4 0, 0, 32;
    %store/vec4 v0000022699d092b0_0, 0, 32;
    %jmp T_0.64;
T_0.51 ;
    %pushi/vec4 0, 0, 32;
    %store/vec4 v0000022699d092b0_0, 0, 32;
    %jmp T_0.64;
T_0.52 ;
    %pushi/vec4 0, 0, 32;
    %store/vec4 v0000022699d092b0_0, 0, 32;
    %jmp T_0.64;
T_0.53 ;
    %pushi/vec4 0, 0, 32;
    %store/vec4 v0000022699d092b0_0, 0, 32;
    %jmp T_0.64;
T_0.54 ;
    %pushi/vec4 0, 0, 32;
    %store/vec4 v0000022699d092b0_0, 0, 32;
    %jmp T_0.64;
T_0.55 ;
    %pushi/vec4 0, 0, 32;
    %store/vec4 v0000022699d092b0_0, 0, 32;
    %jmp T_0.64;
T_0.56 ;
    %pushi/vec4 0, 0, 32;
    %store/vec4 v0000022699d092b0_0, 0, 32;
    %jmp T_0.64;
T_0.57 ;
    %pushi/vec4 0, 0, 32;
    %store/vec4 v0000022699d092b0_0, 0, 32;
    %jmp T_0.64;
T_0.58 ;
    %pushi/vec4 0, 0, 32;
    %store/vec4 v0000022699d092b0_0, 0, 32;
    %jmp T_0.64;
T_0.59 ;
    %pushi/vec4 0, 0, 32;
    %store/vec4 v0000022699d092b0_0, 0, 32;
    %jmp T_0.64;
T_0.60 ;
    %pushi/vec4 0, 0, 32;
    %store/vec4 v0000022699d092b0_0, 0, 32;
    %jmp T_0.64;
T_0.61 ;
    %pushi/vec4 0, 0, 32;
    %store/vec4 v0000022699d092b0_0, 0, 32;
    %jmp T_0.64;
T_0.62 ;
    %pushi/vec4 0, 0, 32;
    %store/vec4 v0000022699d092b0_0, 0, 32;
    %jmp T_0.64;
T_0.63 ;
    %pushi/vec4 0, 0, 32;
    %store/vec4 v0000022699d092b0_0, 0, 32;
    %jmp T_0.64;
T_0.64 ;
    %pop/vec4 1;
    %jmp T_0;
    .thread T_0, $push;
    .scope S_0000022699ccc310;
T_1 ;
    %wait E_0000022699d018a0;
    %load/vec4 v0000022699d07b90_0;
    %parti/s 6, 26, 6;
    %load/vec4 v0000022699d07b90_0;
    %parti/s 6, 0, 2;
    %concat/vec4; draw_concat_vec4
    %dup/vec4;
    %pushi/vec4 319, 63, 12;
    %cmp/x;
    %jmp/1 T_1.0, 4;
    %dup/vec4;
    %pushi/vec4 703, 63, 12;
    %cmp/x;
    %jmp/1 T_1.1, 4;
    %dup/vec4;
    %pushi/vec4 575, 63, 12;
    %cmp/x;
    %jmp/1 T_1.2, 4;
    %dup/vec4;
    %pushi/vec4 4064, 4032, 12;
    %cmp/x;
    %jmp/1 T_1.3, 4;
    %dup/vec4;
    %pushi/vec4 4066, 4032, 12;
    %cmp/x;
    %jmp/1 T_1.4, 4;
    %dup/vec4;
    %pushi/vec4 4068, 4032, 12;
    %cmp/x;
    %jmp/1 T_1.5, 4;
    %dup/vec4;
    %pushi/vec4 4069, 4032, 12;
    %cmp/x;
    %jmp/1 T_1.6, 4;
    %dup/vec4;
    %pushi/vec4 4074, 4032, 12;
    %cmp/x;
    %jmp/1 T_1.7, 4;
    %pushi/vec4 2, 0, 3;
    %store/vec4 v0000022699d08310_0, 0, 3;
    %jmp T_1.9;
T_1.0 ;
    %pushi/vec4 6, 0, 3;
    %store/vec4 v0000022699d08310_0, 0, 3;
    %jmp T_1.9;
T_1.1 ;
    %pushi/vec4 7, 0, 3;
    %store/vec4 v0000022699d08310_0, 0, 3;
    %jmp T_1.9;
T_1.2 ;
    %pushi/vec4 2, 0, 3;
    %store/vec4 v0000022699d08310_0, 0, 3;
    %jmp T_1.9;
T_1.3 ;
    %pushi/vec4 2, 0, 3;
    %store/vec4 v0000022699d08310_0, 0, 3;
    %jmp T_1.9;
T_1.4 ;
    %pushi/vec4 6, 0, 3;
    %store/vec4 v0000022699d08310_0, 0, 3;
    %jmp T_1.9;
T_1.5 ;
    %pushi/vec4 0, 0, 3;
    %store/vec4 v0000022699d08310_0, 0, 3;
    %jmp T_1.9;
T_1.6 ;
    %pushi/vec4 1, 0, 3;
    %store/vec4 v0000022699d08310_0, 0, 3;
    %jmp T_1.9;
T_1.7 ;
    %pushi/vec4 7, 0, 3;
    %store/vec4 v0000022699d08310_0, 0, 3;
    %jmp T_1.9;
T_1.9 ;
    %pop/vec4 1;
    %jmp T_1;
    .thread T_1, $push;
    .scope S_0000022699cad150;
T_2 ;
    %wait E_0000022699d013e0;
    %load/vec4 v0000022699d6e1a0_0;
    %pad/u 32;
    %cmpi/e 0, 0, 32;
    %jmp/0xz  T_2.0, 4;
    %pushi/vec4 0, 0, 32;
    %store/vec4 v0000022699d6e2e0_0, 0, 32;
    %jmp T_2.1;
T_2.0 ;
    %load/vec4 v0000022699d6e1a0_0;
    %pad/u 7;
    %ix/vec4 4;
    %load/vec4a v0000022699d6ec40, 4;
    %store/vec4 v0000022699d6e2e0_0, 0, 32;
T_2.1 ;
    %jmp T_2;
    .thread T_2, $push;
    .scope S_0000022699cad150;
T_3 ;
    %wait E_0000022699d022a0;
    %load/vec4 v0000022699d6ee20_0;
    %pad/u 32;
    %cmpi/e 0, 0, 32;
    %jmp/0xz  T_3.0, 4;
    %pushi/vec4 0, 0, 32;
    %store/vec4 v0000022699d6e420_0, 0, 32;
    %jmp T_3.1;
T_3.0 ;
    %load/vec4 v0000022699d6ee20_0;
    %pad/u 7;
    %ix/vec4 4;
    %load/vec4a v0000022699d6ec40, 4;
    %store/vec4 v0000022699d6e420_0, 0, 32;
T_3.1 ;
    %jmp T_3;
    .thread T_3, $push;
    .scope S_0000022699cad150;
T_4 ;
    %wait E_0000022699d02220;
    %load/vec4 v0000022699d6f000_0;
    %cmpi/e 1, 0, 1;
    %jmp/0xz  T_4.0, 4;
    %load/vec4 v0000022699d70110_0;
    %load/vec4 v0000022699d6ef60_0;
    %pad/u 7;
    %ix/vec4 4;
    %store/vec4a v0000022699d6ec40, 4, 0;
T_4.0 ;
    %jmp T_4;
    .thread T_4;
    .scope S_0000022699c9eea0;
T_5 ;
    %wait E_0000022699d01960;
    %fork t_1, S_0000022699c9f030;
    %jmp t_0;
    .scope S_0000022699c9f030;
t_1 ;
    %load/vec4 v0000022699d710b0_0;
    %parti/s 1, 15, 5;
    %replicate 16;
    %load/vec4 v0000022699d710b0_0;
    %concat/vec4; draw_concat_vec4
    %store/vec4 v0000022699d706b0_0, 0, 32;
    %end;
    .scope S_0000022699c9eea0;
t_0 %join;
    %jmp T_5;
    .thread T_5, $push;
    .scope S_0000022699cc9950;
T_6 ;
    %wait E_0000022699d02220;
    %fork t_3, S_0000022699cacfc0;
    %jmp t_2;
    .scope S_0000022699cacfc0;
t_3 ;
    %load/vec4 v0000022699d716f0_0;
    %inv;
    %flag_set/vec4 8;
    %jmp/0xz  T_6.0, 8;
    %load/vec4 v0000022699d71f10_0;
    %store/vec4 v0000022699d709d0_0, 0, 32;
    %jmp T_6.1;
T_6.0 ;
    %pushi/vec4 0, 0, 32;
    %store/vec4 v0000022699d709d0_0, 0, 32;
T_6.1 ;
    %end;
    .scope S_0000022699cc9950;
t_2 %join;
    %jmp T_6;
    .thread T_6;
    .scope S_0000022699cd6bb0;
T_7 ;
    %wait E_0000022699d02220;
    %load/vec4 v0000022699d08c70_0;
    %cmpi/e 1, 0, 1;
    %jmp/0xz  T_7.0, 4;
    %load/vec4 v0000022699d086d0_0;
    %ix/getv 4, v0000022699d090d0_0;
    %store/vec4a v0000022699d07af0, 4, 0;
T_7.0 ;
    %jmp T_7;
    .thread T_7;
    .scope S_0000022699cdb1e0;
T_8 ;
    %delay 500, 0;
    %load/vec4 v0000022699d72f80_0;
    %inv;
    %store/vec4 v0000022699d72f80_0, 0, 1;
    %jmp T_8;
    .thread T_8;
    .scope S_0000022699cdb1e0;
T_9 ;
    %vpi_call 2 22 "$dumpfile", "dump.vcd" {0 0 0};
    %vpi_call 2 23 "$dumpvars", 32'sb00000000000000000000000000000000, S_0000022699cdb370 {0 0 0};
    %end;
    .thread T_9;
    .scope S_0000022699cdb1e0;
T_10 ;
    %pushi/vec4 0, 0, 1;
    %store/vec4 v0000022699d72f80_0, 0, 1;
    %pushi/vec4 1, 0, 1;
    %store/vec4 v0000022699d73de0_0, 0, 1;
    %wait E_0000022699d01760;
    %pushi/vec4 0, 0, 1;
    %store/vec4 v0000022699d73de0_0, 0, 1;
    %delay 100000, 0;
    %vpi_call 2 32 "$finish" {0 0 0};
    %end;
    .thread T_10;
# The file index is used to find the file name in the following table.
:file_names 14;
    "N/A";
    "<interactive>";
    "tb.v";
    "top.v";
    "dmem.v";
    "imem.v";
    "mips.v";
    "controller.v";
    "aludec.v";
    "maindec.v";
    "datapath.v";
    "alu.v";
    "regfile.v";
    "sign_extend.v";
